d:\owncloud\documents\учебные документы\visual studio 2015\projects\cli_winforms\cli_winforms\x64\debug\vc140.pdb
d:\owncloud\documents\учебные документы\visual studio 2015\projects\cli_winforms\cli_winforms\x64\debug\myform.obj
d:\owncloud\documents\учебные документы\visual studio 2015\projects\cli_winforms\cli_winforms\x64\debug\.netframework,version=v4.6.1.assemblyattributes.obj
d:\owncloud\documents\учебные документы\visual studio 2015\projects\cli_winforms\cli_winforms\x64\debug\.netframework,version=v4.6.1.assemblyattributes.asm
d:\owncloud\documents\учебные документы\visual studio 2015\projects\cli_winforms\cli_winforms\x64\debug\cli_winforms.myform.resources
d:\owncloud\documents\учебные документы\visual studio 2015\projects\cli_winforms\cli_winforms\x64\debug\cli_winforms.pass.resources
d:\owncloud\documents\учебные документы\visual studio 2015\projects\cli_winforms\x64\debug\cli_winforms.exe
d:\owncloud\documents\учебные документы\visual studio 2015\projects\cli_winforms\x64\debug\cli_winforms.pdb
d:\owncloud\documents\учебные документы\visual studio 2015\projects\cli_winforms\cli_winforms\x64\debug\cli_winforms.vcxproj.generateresource.cache
d:\owncloud\documents\учебные документы\visual studio 2015\projects\cli_winforms\cli_winforms\x64\debug\cli_winforms.vcxprojresolveassemblyreference.cache
d:\owncloud\documents\учебные документы\visual studio 2015\projects\cli_winforms\cli_winforms\x64\debug\cli_winforms.tlog\cl.command.1.tlog
d:\owncloud\documents\учебные документы\visual studio 2015\projects\cli_winforms\cli_winforms\x64\debug\cli_winforms.tlog\cl.read.1.tlog
d:\owncloud\documents\учебные документы\visual studio 2015\projects\cli_winforms\cli_winforms\x64\debug\cli_winforms.tlog\cl.write.1.tlog
d:\owncloud\documents\учебные документы\visual studio 2015\projects\cli_winforms\cli_winforms\x64\debug\cli_winforms.tlog\cli_winforms.write.1u.tlog
d:\owncloud\documents\учебные документы\visual studio 2015\projects\cli_winforms\cli_winforms\x64\debug\cli_winforms.tlog\link.command.1.tlog
d:\owncloud\documents\учебные документы\visual studio 2015\projects\cli_winforms\cli_winforms\x64\debug\cli_winforms.tlog\link.read.1.tlog
d:\owncloud\documents\учебные документы\visual studio 2015\projects\cli_winforms\cli_winforms\x64\debug\cli_winforms.tlog\link.write.1.tlog
d:\owncloud\documents\учебные документы\visual studio 2015\projects\cli_winforms\cli_winforms\x64\debug\cli_winforms.tlog\metagen.read.1.tlog
d:\owncloud\documents\учебные документы\visual studio 2015\projects\cli_winforms\cli_winforms\x64\debug\cli_winforms.tlog\metagen.write.1.tlog
d:\owncloud\documents\учебные документы\visual studio 2015\projects\cli_winforms\cli_winforms\x64\debug\cli_winforms.tlog\tzres.dll.bi
